<!DOCTYPE suite SYSTEM "https://testng.org/testng-1.0.dtd" >

<suite name="bring it on" verbose="1">
    <test name="basic scenario">
        <classes>
            <class name="com.epam.test.PasteBinBringItOnScenarioTest"/>
        </classes>
    </test>
</suite>