<!DOCTYPE suite SYSTEM "https://testng.org/testng-1.0.dtd" >

<suite name="hardcore" verbose="1">
    <test name="basic scenario">
        <classes>
            <class name="com.epam.test.GoogleCloudBothScenariosTest"/>
        </classes>
    </test>
</suite>