<?xml version="1.0" encoding="UTF-8"?>
<!-- Generated by org.testng.reporters.JUnitReportReporter -->
<testsuite hostname="DESKTOP-BAE3OIL" failures="0" tests="6" name="com.epam.test.GoogleCloudBothScenariosTest" time="17.513" errors="0" timestamp="2022-11-27T09:22:02 MSK" skipped="0">
  <testcase classname="com.epam.test.GoogleCloudBothScenariosTest" name="checkVirtualMachineClass" time="0.009"/>
  <system-out/>
  <testcase classname="com.epam.test.GoogleCloudBothScenariosTest" name="checkInstanceType" time="0.000"/>
  <system-out/>
  <testcase classname="com.epam.test.GoogleCloudBothScenariosTest" name="checkRegion" time="0.000"/>
  <system-out/>
  <testcase classname="com.epam.test.GoogleCloudBothScenariosTest" name="checkLocalSsd" time="0.000"/>
  <system-out/>
  <testcase classname="com.epam.test.GoogleCloudBothScenariosTest" name="checkCommitmentTerm" time="0.000"/>
  <system-out/>
  <testcase classname="com.epam.test.GoogleCloudBothScenariosTest" name="checkTotalEstimatedMonthlyCostOnEquality" time="17.504"/>
  <system-out/>
</testsuite> <!-- com.epam.test.GoogleCloudBothScenariosTest -->
